Traceback (most recent call last):
  File "/Users/samchong/miniforge3/envs/chem502/lib/python3.13/site-packages/jupyter_cache/executors/utils.py", line 58, in single_nb_execution
    executenb(
    ~~~~~~~~~^
        nb,
        ^^^
    ...<4 lines>...
        **kwargs,
        ^^^^^^^^^
    )
    ^
  File "/Users/samchong/miniforge3/envs/chem502/lib/python3.13/site-packages/nbclient/client.py", line 1319, in execute
    return NotebookClient(nb=nb, resources=resources, km=km, **kwargs).execute()
           ~~~~~~~~~~~~~~~~~~~~~~~~~~~~~~~~~~~~~~~~~~~~~~~~~~~~~~~~~~~~~~~~~~~^^
  File "/Users/samchong/miniforge3/envs/chem502/lib/python3.13/site-packages/jupyter_core/utils/__init__.py", line 165, in wrapped
    return loop.run_until_complete(inner)
           ~~~~~~~~~~~~~~~~~~~~~~~^^^^^^^
  File "/Users/samchong/miniforge3/envs/chem502/lib/python3.13/asyncio/base_events.py", line 720, in run_until_complete
    return future.result()
           ~~~~~~~~~~~~~^^
  File "/Users/samchong/miniforge3/envs/chem502/lib/python3.13/site-packages/nbclient/client.py", line 709, in async_execute
    await self.async_execute_cell(
        cell, index, execution_count=self.code_cells_executed + 1
    )
  File "/Users/samchong/miniforge3/envs/chem502/lib/python3.13/site-packages/nbclient/client.py", line 1062, in async_execute_cell
    await self._check_raise_for_error(cell, cell_index, exec_reply)
  File "/Users/samchong/miniforge3/envs/chem502/lib/python3.13/site-packages/nbclient/client.py", line 918, in _check_raise_for_error
    raise CellExecutionError.from_cell_and_msg(cell, exec_reply_content)
nbclient.exceptions.CellExecutionError: An error occurred while executing the following cell:
------------------
# Read the NMR spectrum from the csv into a pandas dataframe called nmr_spec

# nmr_spec = ...

nmr_spec
------------------


[0;31m---------------------------------------------------------------------------[0m
[0;31mNameError[0m                                 Traceback (most recent call last)
Cell [0;32mIn[3], line 5[0m
[1;32m      1[0m [38;5;66;03m# Read the NMR spectrum from the csv into a pandas dataframe called nmr_spec[39;00m
[1;32m      2[0m 
[1;32m      3[0m [38;5;66;03m# nmr_spec = ...[39;00m
[0;32m----> 5[0m [43mnmr_spec[49m

[0;31mNameError[0m: name 'nmr_spec' is not defined

